<?xml version="1.0" encoding="UTF-8"?>
<testsuite xmlns:xsi="http://www.w3.org/2001/XMLSchema-instance" xsi:noNamespaceSchemaLocation="https://maven.apache.org/surefire/maven-surefire-plugin/xsd/surefire-test-report-3.0.xsd" version="3.0" name="com.dbencotech.productservice.ProductServiceApplicationTests" time="11.256" tests="1" errors="1" skipped="0" failures="0">
  <properties>
[...]
</properties>
  <testcase name="" classname="com.dbencotech.productservice.ProductServiceApplicationTests" time="11.256">
    <error message="Could not find a valid Docker environment. Please see logs and check configuration" type="java.lang.IllegalStateException"><![CDATA[java.lang.IllegalStateException: Could not find a valid Docker environment. Please see logs and check configuration
	at org.testcontainers.dockerclient.DockerClientProviderStrategy.lambda$getFirstValidStrategy$7(DockerClientProviderStrategy.java:277)
	at java.base/java.util.Optional.orElseThrow(Optional.java:403)
	at org.testcontainers.dockerclient.DockerClientProviderStrategy.getFirstValidStrategy(DockerClientProviderStrategy.java:268)
	at org.testcontainers.DockerClientFactory.getOrInitializeStrategy(DockerClientFactory.java:152)
	at org.testcontainers.DockerClientFactory.client(DockerClientFactory.java:194)
	at org.testcontainers.DockerClientFactory$1.getDockerClient(DockerClientFactory.java:106)
	at com.github.dockerjava.api.DockerClientDelegate.authConfig(DockerClientDelegate.java:109)
	at org.testcontainers.containers.GenericContainer.start(GenericContainer.java:332)
	at org.testcontainers.junit.jupiter.TestcontainersExtension$StoreAdapter.start(TestcontainersExtension.java:280)
	at org.testcontainers.junit.jupiter.TestcontainersExtension$StoreAdapter.access$200(TestcontainersExtension.java:267)
	at org.testcontainers.junit.jupiter.TestcontainersExtension.lambda$null$4(TestcontainersExtension.java:82)
	at org.testcontainers.junit.jupiter.TestcontainersExtension.lambda$startContainers$5(TestcontainersExtension.java:82)
	at java.base/java.util.ArrayList.forEach(ArrayList.java:1511)
	at org.testcontainers.junit.jupiter.TestcontainersExtension.startContainers(TestcontainersExtension.java:82)
	at org.testcontainers.junit.jupiter.TestcontainersExtension.beforeAll(TestcontainersExtension.java:56)
	at java.base/java.util.ArrayList.forEach(ArrayList.java:1511)
]]></error>
    <system-out><![CDATA[17:07:33.846 [main] INFO org.springframework.test.context.support.AnnotationConfigContextLoaderUtils -- Could not detect default configuration classes for test class [com.dbencotech.productservice.ProductServiceApplicationTests]: ProductServiceApplicationTests does not declare any static, non-private, non-final, nested classes annotated with @Configuration.
17:07:34.814 [main] INFO org.springframework.boot.test.context.SpringBootTestContextBootstrapper -- Found @SpringBootConfiguration com.dbencotech.productservice.ProductServiceApplication for test class com.dbencotech.productservice.ProductServiceApplicationTests
17:07:36.519 [main] INFO org.testcontainers.images.PullPolicy -- Image pull policy will be performed by: DefaultPullPolicy()
17:07:36.529 [main] INFO org.testcontainers.utility.ImageNameSubstitutor -- Image name substitution will be performed by: DefaultImageNameSubstitutor (composite of 'ConfigurationFileImageNameSubstitutor' and 'PrefixingImageNameSubstitutor')
17:07:42.976 [main] INFO org.testcontainers.dockerclient.DockerClientProviderStrategy -- Loaded org.testcontainers.dockerclient.NpipeSocketClientProviderStrategy from ~/.testcontainers.properties, will try it first
17:07:43.059 [main] INFO org.testcontainers.dockerclient.DockerMachineClientProviderStrategy -- docker-machine executable was not found on PATH ([C:\Program Files\Microsoft\jdk-11.0.16.101-hotspot\bin, C:\Program Files\Java\jdk-11.0.16\bin, C:\Program Files\Common Files\Oracle\Java\javapath, C:\Python310\Scripts\, C:\Python310\, C:\Windows\system32, C:\Windows, C:\Windows\System32\Wbem, C:\Windows\System32\WindowsPowerShell\v1.0\, C:\Windows\System32\OpenSSH\, C:\Program Files (x86)\Microsoft SQL Server\Client SDK\ODBC\130\Tools\Binn\, C:\Program Files (x86)\Microsoft SQL Server\140\Tools\Binn\, C:\Program Files (x86)\Microsoft SQL Server\140\DTS\Binn\, C:\Program Files (x86)\Microsoft SQL Server\140\Tools\Binn\ManagementStudio\, C:\Program Files\Microsoft SQL Server\130\Tools\Binn\, C:\Program Files\Microsoft SQL Server\Client SDK\ODBC\170\Tools\Binn\, C:\Program Files (x86)\Incredibuild, C:\Program Files (x86)\Microsoft SQL Server\150\Tools\Binn\, C:\Program Files\Microsoft SQL Server\150\Tools\Binn\, C:\Program Files\Microsoft SQL Server\150\DTS\Binn\, C:\Program Files (x86)\Microsoft SQL Server\150\DTS\Binn\, C:\Program Files\Azure Data Studio\bin, C:\Program Files\dotnet\, C:\Program Files\Ama, C:\Program Files\Git\cmd, C:\Program Files (x86)\Microsoft SQL Server\160\DTS\Binn\, C:\Program Files (x86)\Microsoft SQL Server\160\Tools\Binn\, C:\Program Files\Microsoft SQL Server\160\Tools\Binn\, C:\Program Files\Microsoft SQL Server\160\DTS\Binn\, C:\Program Files\nodejs\, C:\Program Files\Java\jdk-17\bin, , C:\Program Files\Docker\Docker\resources\bin, C:\Program Files\MySQL\MySQL Shell 8.0\bin\, C:\Users\DBENCO\AppData\Local\Microsoft\WindowsApps, C:\Users\DBENCO\AppData\Local\Programs\Microsoft VS Code\bin, C:\Program Files\Azure Data Studio\bin, C:\Users\DBENCO\.dotnet\tools, C:\Users\DBENCO\flutter\bin, C:\Program Files\JetBrains\IntelliJ IDEA Community Edition 2022.2.1\bin, , C:\Users\DBENCO\AppData\Roaming\npm])
17:07:43.061 [main] ERROR org.testcontainers.dockerclient.DockerClientProviderStrategy -- Could not find a valid Docker environment. Please check configuration. Attempted configurations were:
As no valid configuration was found, execution cannot continue.
See https://java.testcontainers.org/on_failure.html for more details.
]]></system-out>
  </testcase>
</testsuite>